2017-06-11 14:23:20 - PHP Notice:  Undefined variable: informations in D:\_work\domains\opencart.loc\catalog\view\theme\gift\template\common\header.tpl on line 51
2017-06-11 14:23:46 - PHP Notice:  Undefined variable: informations in D:\_work\domains\opencart.loc\catalog\view\theme\gift\template\common\header.tpl on line 51
2017-06-15 10:01:25 - PHP Notice:  Undefined variable: telephone in D:\_work\domains\opencart.loc\catalog\view\theme\gift\template\common\footer.tpl on line 41
2017-06-15 10:01:37 - PHP Notice:  Undefined variable: telephone in D:\_work\domains\opencart.loc\catalog\view\theme\gift\template\common\footer.tpl on line 41
2017-06-15 17:00:52 - PHP Notice:  Undefined variable: email in D:\_work\domains\opencart.loc\catalog\view\theme\gift\template\common\footer.tpl on line 65
2017-06-17 12:31:33 - PHP Notice:  Undefined index: address_1 in D:\_work\domains\opencart.loc\catalog\controller\account\register.php on line 376
2017-06-17 12:31:33 - PHP Notice:  Undefined index: city in D:\_work\domains\opencart.loc\catalog\controller\account\register.php on line 380
2017-06-17 12:31:33 - PHP Notice:  Undefined index: country_id in D:\_work\domains\opencart.loc\catalog\controller\account\register.php on line 386
2017-06-17 12:31:33 - PHP Notice:  Undefined index: country_id in D:\_work\domains\opencart.loc\catalog\controller\account\register.php on line 392
2017-06-17 12:44:44 - PHP Notice:  Undefined index: address_1 in D:\_work\domains\opencart.loc\catalog\controller\account\register.php on line 376
2017-06-17 12:44:44 - PHP Notice:  Undefined index: city in D:\_work\domains\opencart.loc\catalog\controller\account\register.php on line 380
2017-06-17 12:44:44 - PHP Notice:  Undefined index: country_id in D:\_work\domains\opencart.loc\catalog\controller\account\register.php on line 386
2017-06-17 12:44:44 - PHP Notice:  Undefined index: country_id in D:\_work\domains\opencart.loc\catalog\controller\account\register.php on line 392
2017-06-17 12:46:46 - PHP Notice:  Undefined index: address_1 in D:\_work\domains\opencart.loc\catalog\controller\account\register.php on line 376
2017-06-17 12:46:46 - PHP Notice:  Undefined variable: country_info in D:\_work\domains\opencart.loc\catalog\controller\account\register.php on line 388
2017-06-17 12:46:46 - PHP Notice:  Undefined index: country_id in D:\_work\domains\opencart.loc\catalog\controller\account\register.php on line 392
2017-06-17 12:47:10 - PHP Notice:  Undefined index: country_id in D:\_work\domains\opencart.loc\catalog\controller\account\register.php on line 392
2017-08-07 14:16:17 - PHP Notice:  Undefined index: address_1 in D:\_work\domains\opencart.loc\catalog\controller\checkout\guest.php on line 211
2017-08-07 14:16:17 - PHP Notice:  Undefined index: city in D:\_work\domains\opencart.loc\catalog\controller\checkout\guest.php on line 215
2017-08-07 14:26:31 - PHP Notice:  Undefined index: address_1 in D:\_work\domains\opencart.loc\catalog\controller\checkout\guest.php on line 211
2017-08-07 14:26:31 - PHP Notice:  Undefined index: city in D:\_work\domains\opencart.loc\catalog\controller\checkout\guest.php on line 215
2017-08-07 14:26:52 - PHP Notice:  Undefined index: fax in D:\_work\domains\opencart.loc\catalog\controller\checkout\guest.php on line 273
2017-08-07 14:26:52 - PHP Notice:  Undefined index: company in D:\_work\domains\opencart.loc\catalog\controller\checkout\guest.php on line 283
2017-08-07 14:26:52 - PHP Notice:  Undefined index: address_1 in D:\_work\domains\opencart.loc\catalog\controller\checkout\guest.php on line 284
2017-08-07 14:26:52 - PHP Notice:  Undefined index: address_2 in D:\_work\domains\opencart.loc\catalog\controller\checkout\guest.php on line 285
2017-08-07 14:26:52 - PHP Notice:  Undefined index: postcode in D:\_work\domains\opencart.loc\catalog\controller\checkout\guest.php on line 286
2017-08-07 14:26:52 - PHP Notice:  Undefined index: city in D:\_work\domains\opencart.loc\catalog\controller\checkout\guest.php on line 287
2017-08-07 14:26:52 - PHP Notice:  Undefined index: country_id in D:\_work\domains\opencart.loc\catalog\controller\checkout\guest.php on line 288
2017-08-07 14:26:52 - PHP Notice:  Undefined index: zone_id in D:\_work\domains\opencart.loc\catalog\controller\checkout\guest.php on line 289
2017-08-07 14:26:52 - PHP Notice:  Undefined index: country_id in D:\_work\domains\opencart.loc\catalog\controller\checkout\guest.php on line 293
2017-08-07 14:26:52 - PHP Notice:  Undefined index: zone_id in D:\_work\domains\opencart.loc\catalog\controller\checkout\guest.php on line 315
2017-08-07 14:27:39 - PHP Notice:  Undefined index: fax in D:\_work\domains\opencart.loc\catalog\controller\checkout\guest.php on line 273
2017-08-07 14:27:39 - PHP Notice:  Undefined index: company in D:\_work\domains\opencart.loc\catalog\controller\checkout\guest.php on line 283
2017-08-07 14:27:39 - PHP Notice:  Undefined index: address_1 in D:\_work\domains\opencart.loc\catalog\controller\checkout\guest.php on line 284
2017-08-07 14:27:39 - PHP Notice:  Undefined index: address_2 in D:\_work\domains\opencart.loc\catalog\controller\checkout\guest.php on line 285
2017-08-07 14:27:39 - PHP Notice:  Undefined index: postcode in D:\_work\domains\opencart.loc\catalog\controller\checkout\guest.php on line 286
2017-08-07 14:27:39 - PHP Notice:  Undefined index: city in D:\_work\domains\opencart.loc\catalog\controller\checkout\guest.php on line 287
2017-08-07 14:27:39 - PHP Notice:  Undefined index: country_id in D:\_work\domains\opencart.loc\catalog\controller\checkout\guest.php on line 288
2017-08-07 14:27:39 - PHP Notice:  Undefined index: zone_id in D:\_work\domains\opencart.loc\catalog\controller\checkout\guest.php on line 289
2017-08-07 14:27:39 - PHP Notice:  Undefined index: country_id in D:\_work\domains\opencart.loc\catalog\controller\checkout\guest.php on line 293
2017-08-07 14:27:39 - PHP Notice:  Undefined index: zone_id in D:\_work\domains\opencart.loc\catalog\controller\checkout\guest.php on line 315
2017-08-07 14:27:57 - PHP Notice:  Undefined index: fax in D:\_work\domains\opencart.loc\catalog\controller\checkout\guest.php on line 273
2017-08-07 14:27:57 - PHP Notice:  Undefined index: country_id in D:\_work\domains\opencart.loc\catalog\controller\checkout\guest.php on line 293
2017-08-07 14:27:57 - PHP Notice:  Undefined index: zone_id in D:\_work\domains\opencart.loc\catalog\controller\checkout\guest.php on line 315
2017-08-07 14:28:44 - PHP Notice:  Undefined variable: country_info in D:\_work\domains\opencart.loc\catalog\controller\checkout\guest.php on line 295
2017-08-07 14:28:44 - PHP Notice:  Undefined variable: zone_info in D:\_work\domains\opencart.loc\catalog\controller\checkout\guest.php on line 317
2017-08-07 14:36:14 - PHP Notice:  Undefined index: lastname in D:\_work\domains\opencart.loc\catalog\controller\checkout\guest.php on line 199
2017-08-07 14:36:52 - PHP Notice:  Undefined index: lastname in D:\_work\domains\opencart.loc\catalog\controller\checkout\guest.php on line 270
2017-08-07 14:36:52 - PHP Notice:  Undefined index: lastname in D:\_work\domains\opencart.loc\catalog\controller\checkout\guest.php on line 282
2017-08-07 16:47:38 - PHP Notice:  Undefined index: lastname in D:\_work\domains\opencart.loc\catalog\controller\checkout\confirm.php on line 134
2017-08-07 16:47:38 - PHP Notice:  Undefined index: fax in D:\_work\domains\opencart.loc\catalog\controller\checkout\confirm.php on line 137
2017-08-07 16:48:25 - PHP Notice:  Undefined index: lastname in D:\_work\domains\opencart.loc\catalog\controller\checkout\confirm.php on line 134
2017-08-07 16:48:25 - PHP Notice:  Undefined index: fax in D:\_work\domains\opencart.loc\catalog\controller\checkout\confirm.php on line 137
2017-08-07 16:50:32 - PHP Notice:  Undefined index: lastname in D:\_work\domains\opencart.loc\catalog\controller\checkout\confirm.php on line 134
2017-08-07 16:50:32 - PHP Notice:  Undefined index: fax in D:\_work\domains\opencart.loc\catalog\controller\checkout\confirm.php on line 137
2017-08-07 16:51:18 - PHP Notice:  Undefined index: lastname in D:\_work\domains\opencart.loc\catalog\controller\checkout\confirm.php on line 134
2017-08-07 16:51:18 - PHP Notice:  Undefined index: fax in D:\_work\domains\opencart.loc\catalog\controller\checkout\confirm.php on line 137
2017-08-07 16:55:39 - PHP Notice:  Undefined index: lastname in D:\_work\domains\opencart.loc\catalog\model\checkout\order.php on line 4
2017-08-07 16:55:39 - PHP Notice:  Undefined index: fax in D:\_work\domains\opencart.loc\catalog\model\checkout\order.php on line 4
2017-08-07 16:59:19 - PHP Notice:  Undefined index: lastname in D:\_work\domains\opencart.loc\catalog\model\checkout\order.php on line 4
2017-08-07 16:59:19 - PHP Notice:  Undefined index: fax in D:\_work\domains\opencart.loc\catalog\model\checkout\order.php on line 4
2017-08-07 17:00:22 - PHP Notice:  Undefined index: lastname in D:\_work\domains\opencart.loc\catalog\model\checkout\order.php on line 4
2017-08-07 17:00:22 - PHP Notice:  Undefined index: fax in D:\_work\domains\opencart.loc\catalog\model\checkout\order.php on line 4
2017-08-07 17:01:43 - PHP Notice:  Undefined index: fax in D:\_work\domains\opencart.loc\catalog\model\checkout\order.php on line 4
2017-08-08 16:58:59 - PHP Notice:  Undefined index: lastname in D:\_work\domains\opencart.loc\catalog\controller\account\register.php on line 360
2017-08-08 17:01:24 - PHP Notice:  Undefined index: lastname in D:\_work\domains\opencart.loc\catalog\controller\account\register.php on line 360
2017-08-08 17:14:16 - PHP Notice:  Undefined index: company in D:\_work\domains\opencart.loc\catalog\model\account\customer.php on line 18
2017-08-08 17:14:16 - PHP Notice:  Undefined index: address_1 in D:\_work\domains\opencart.loc\catalog\model\account\customer.php on line 18
2017-08-08 17:14:16 - PHP Notice:  Undefined index: address_2 in D:\_work\domains\opencart.loc\catalog\model\account\customer.php on line 18
2017-08-08 17:14:16 - PHP Notice:  Undefined index: city in D:\_work\domains\opencart.loc\catalog\model\account\customer.php on line 18
2017-08-08 17:14:16 - PHP Notice:  Undefined index: postcode in D:\_work\domains\opencart.loc\catalog\model\account\customer.php on line 18
2017-08-08 17:14:16 - PHP Notice:  Undefined index: country_id in D:\_work\domains\opencart.loc\catalog\model\account\customer.php on line 18
2017-08-08 17:14:16 - PHP Notice:  Undefined index: zone_id in D:\_work\domains\opencart.loc\catalog\model\account\customer.php on line 18
2017-08-08 17:14:16 - PHP Warning:  Cannot modify header information - headers already sent by (output started at D:\_work\domains\opencart.loc\catalog\controller\startup\error.php:34) in D:\_work\domains\opencart.loc\system\library\response.php on line 12
2017-08-08 17:19:28 - PHP Notice:  Undefined index: lastname in D:\_work\domains\opencart.loc\catalog\controller\account\register.php on line 360
2017-08-08 17:20:14 - PHP Notice:  Undefined index: lastname in D:\_work\domains\opencart.loc\catalog\model\account\customer.php on line 14
2017-08-08 17:20:14 - PHP Notice:  Undefined index: fax in D:\_work\domains\opencart.loc\catalog\model\account\customer.php on line 14
2017-08-08 17:20:14 - PHP Notice:  Undefined index: lastname in D:\_work\domains\opencart.loc\catalog\model\account\customer.php on line 18
2017-08-08 17:20:14 - PHP Notice:  Undefined index: company in D:\_work\domains\opencart.loc\catalog\model\account\customer.php on line 18
2017-08-08 17:20:14 - PHP Notice:  Undefined index: address_1 in D:\_work\domains\opencart.loc\catalog\model\account\customer.php on line 18
2017-08-08 17:20:14 - PHP Notice:  Undefined index: address_2 in D:\_work\domains\opencart.loc\catalog\model\account\customer.php on line 18
2017-08-08 17:20:14 - PHP Notice:  Undefined index: city in D:\_work\domains\opencart.loc\catalog\model\account\customer.php on line 18
2017-08-08 17:20:14 - PHP Notice:  Undefined index: postcode in D:\_work\domains\opencart.loc\catalog\model\account\customer.php on line 18
2017-08-08 17:20:14 - PHP Notice:  Undefined index: country_id in D:\_work\domains\opencart.loc\catalog\model\account\customer.php on line 18
2017-08-08 17:20:14 - PHP Notice:  Undefined index: zone_id in D:\_work\domains\opencart.loc\catalog\model\account\customer.php on line 18
2017-08-08 17:20:14 - PHP Warning:  Cannot modify header information - headers already sent by (output started at D:\_work\domains\opencart.loc\catalog\controller\startup\error.php:34) in D:\_work\domains\opencart.loc\system\library\response.php on line 12
2017-08-08 17:22:11 - PHP Notice:  Undefined index: lastname in D:\_work\domains\opencart.loc\catalog\model\account\customer.php on line 14
2017-08-08 17:22:11 - PHP Notice:  Undefined index: fax in D:\_work\domains\opencart.loc\catalog\model\account\customer.php on line 14
2017-08-08 17:22:11 - PHP Warning:  Cannot modify header information - headers already sent by (output started at D:\_work\domains\opencart.loc\catalog\controller\startup\error.php:34) in D:\_work\domains\opencart.loc\system\library\response.php on line 12
